-------------------------------------------------------------------------------
Test set: com.qa.service.repository.RecipeDBRepositoryTest
-------------------------------------------------------------------------------
Tests run: 4, Failures: 1, Errors: 0, Skipped: 0, Time elapsed: 0.069 s <<< FAILURE! - in com.qa.service.repository.RecipeDBRepositoryTest
testGetAllRecipes(com.qa.service.repository.RecipeDBRepositoryTest)  Time elapsed: 0.009 s  <<< FAILURE!
org.junit.ComparisonFailure: expected:<[{"name":"Alien","[ageRating]":"15"}]> but was:<[{"name":"Alien","[desc]":"15"}]>
	at com.qa.service.repository.RecipeDBRepositoryTest.testGetAllRecipes(RecipeDBRepositoryTest.java:56)

